561714.6276713068
0.0
6531.817656699441
13063.635313398881
19595.452970098322
26127.270626797763
32659.0882834972
39190.90594019664
45722.723596896074
52254.54125359552
58786.358910294955
65318.17656699439
71849.99422369384
78381.81188039327
84913.62953709273
91445.44719379216
97977.26485049161
104509.08250719107
111040.9001638905
117572.71782058995
124104.53547728939
130636.35313398883
137168.17079068828
143699.98844738773
150231.80610408715
156763.6237607866
163295.44141748606
169827.2590741855
176359.07673088496
182890.89438758438
189422.71204428383
0.0
6531.817656699441
13063.635313398881
19595.452970098322
26127.270626797763
32659.0882834972
39190.90594019664
45722.723596896074
52254.54125359552
58786.358910294955
65318.17656699439
71849.99422369384
78381.81188039327
84913.62953709273
91445.44719379216
97977.26485049161
104509.08250719107
111040.9001638905
117572.71782058995
124104.53547728939
130636.35313398883
137168.17079068828
143699.98844738773
150231.80610408715
156763.6237607866
163295.44141748606
169827.2590741855
176359.07673088496
182890.89438758438
189422.71204428383
195954.5297009832
195954.5297009832
202486.34735768265
209018.1650143821
215549.98267108153
222081.80032778098
228613.61798448043
235145.43564117988
241677.25329787933
248209.07095457875
254740.8886112782
261272.70626797766
267804.52392467705
274336.3415813765
280868.1592380759
287399.97689477535
293931.79455147474
300463.61220817413
306995.4298648736
313527.247521573
320059.06517827243
326590.8828349718
333122.7004916712
339654.51814837067
346186.33580507006
352718.1534617695
359249.9711184689
365760.0979703243
365760.0979703243
372291.9156270237
378823.7332837231
385355.5509404226
391887.36859712197
398419.18625382136
404951.0039105208
411482.8215672202
418014.63922391966
424546.45688061905
431078.27453731844
437610.0921940179
444141.9098507173
450673.72750741674
457205.54516411613
463737.3628208155
470269.180477515
476800.9981342144
483332.8157909138
489864.6334476132
496396.4511043126
502928.26876101206
509460.08641771146
515991.9040744109
522523.7217311103
529055.5393878098
535587.3570445091
542119.1747012086
548650.992357908
555182.8100146075
561714.6276713068
